assertsparam/build/outputs/logs/manifest-merger-debug-report.txt
-- Merging decision tree log ---
manifest
ADDED from main\release\AndroidManifest.xml:1:1-20:12
INJECTED from main\release\AndroidManifest.xml:1:1-20:12
INJECTED from main\release\AndroidManifest.xml:1:1-20:12
INJECTED from main\release\AndroidManifest.xml:1:1-20:12
INJECTED from main\release\AndroidManifest.xml:1:1-20:12
INJECTED from main\release\AndroidManifest.xml:1:1-20:12
INJECTED from main\release\AndroidManifest.xml:1:1-20:12
	package
		ADDED from main\release\AndroidManifest.xml:2:11-43
		INJECTED from main\release\AndroidManifest.xml
		INJECTED from main\release\AndroidManifest.xml
	android:versionName
		INJECTED from main\release\AndroidManifest.xml
		ADDED from main\release\AndroidManifest.xml:1:1-20:12
		INJECTED from main\release\AndroidManifest.xml
	android:versionCode
		INJECTED from main\release\AndroidManifest.xml
		ADDED from main\release\AndroidManifest.xml:1:1-20:12
		INJECTED from main\release\AndroidManifest.xml
	xmlns:android
		ADDED from main\release\AndroidManifest.xml:1:11-69
uses-permission#android.permission.WRITE_EXTERNAL_STORAGE
ADDED from main\release\AndroidManifest.xml:3:5-81
	android:name
		ADDED from main\release\AndroidManifest.xml:3:22-78
uses-permission#android.permission.READ_EXTERNAL_STORAGE
ADDED from main\release\AndroidManifest.xml:4:5-79
	android:name
		ADDED from main\release\AndroidManifest.xml:4:22-77
uses-permission#android.permission.INTERNET
ADDED from main\release\AndroidManifest.xml:5:5-67
	android:name
		ADDED from main\release\AndroidManifest.xml:5:22-64
uses-permission#android.permission.ACCESS_NETWORK_STATE
ADDED from main\release\AndroidManifest.xml:6:5-79
	android:name
		ADDED from main\release\AndroidManifest.xml:6:22-76
uses-permission#android.permission.READ_PHONE_STATE
ADDED from main\release\AndroidManifest.xml:7:5-75
	android:name
		ADDED from main\release\AndroidManifest.xml:7:22-72
uses-permission#android.permission.ACCESS_WIFI_STATE
ADDED from main\release\AndroidManifest.xml:8:5-76
	android:name
		ADDED from main\release\AndroidManifest.xml:8:22-73
uses-permission#android.permission.CAMERA
ADDED from main\release\AndroidManifest.xml:9:5-64
	android:name
		ADDED from main\release\AndroidManifest.xml:9:22-62
application
ADDED from main\release\AndroidManifest.xml:11:5-19:19
	android:supportsRtl
		ADDED from main\release\AndroidManifest.xml:14:9-35
	android:label
		ADDED from main\release\AndroidManifest.xml:13:9-41
	android:allowBackup
		ADDED from main\release\AndroidManifest.xml:12:9-35
activity#com.owner.assertsparam.view.activity.AssertsArgumentActivity
ADDED from main\release\AndroidManifest.xml:15:9-16:60
	android:windowSoftInputMode
		ADDED from main\release\AndroidManifest.xml:16:19-58
	android:name
		ADDED from main\release\AndroidManifest.xml:15:19-72
activity#com.owner.assertsparam.view.activity.FourCategoryDetailActivity
ADDED from main\release\AndroidManifest.xml:17:9-77
	android:name
		ADDED from main\release\AndroidManifest.xml:17:19-75
activity#com.owner.assertsparam.view.activity.RegisterAssertArgActivity
ADDED from main\release\AndroidManifest.xml:18:9-76
	android:name
		ADDED from main\release\AndroidManifest.xml:18:19-74
uses-sdk
INJECTED from main\release\AndroidManifest.xml reason: use-sdk injection requested
INJECTED from main\release\AndroidManifest.xml
INJECTED from main\release\AndroidManifest.xml
INJECTED from main\release\AndroidManifest.xml
INJECTED from main\release\AndroidManifest.xml
	android:targetSdkVersion
		INJECTED from main\release\AndroidManifest.xml
		ADDED from main\release\AndroidManifest.xml
		INJECTED from main\release\AndroidManifest.xml
	android:minSdkVersion
		INJECTED from main\release\AndroidManifest.xml
		ADDED from main\release\AndroidManifest.xml
		INJECTED from main\release\AndroidManifest.xml